{
  "stats": {
    "suites": 1,
    "tests": 7,
    "passes": 7,
    "pending": 0,
    "failures": 0,
    "start": "2025-02-07T12:59:18.881Z",
    "end": "2025-02-07T12:59:49.316Z",
    "duration": 30435,
    "testsRegistered": 7,
    "passPercent": 100,
    "pendingPercent": 0,
    "other": 0,
    "hasOther": false,
    "skipped": 0,
    "hasSkipped": false
  },
  "results": [
    {
      "uuid": "53157b6c-6267-4c76-8e2a-6e40dd0c8df7",
      "title": "",
      "fullFile": "D:\\paytunes_automation\\test\\loginAndSyncRO.js",
      "file": "\\test\\loginAndSyncRO.js",
      "beforeHooks": [],
      "afterHooks": [],
      "tests": [],
      "suites": [
        {
          "uuid": "780cbfdd-388c-4b48-a336-ca38bff85326",
          "title": "Login and Sync RO on Paytunes",
          "fullFile": "D:\\paytunes_automation\\test\\loginAndSyncRO.js",
          "file": "\\test\\loginAndSyncRO.js",
          "beforeHooks": [
            {
              "title": "\"before all\" hook in \"Login and Sync RO on Paytunes\"",
              "fullTitle": "Login and Sync RO on Paytunes \"before all\" hook in \"Login and Sync RO on Paytunes\"",
              "timedOut": false,
              "duration": 2264,
              "state": null,
              "speed": null,
              "pass": false,
              "fail": false,
              "pending": false,
              "context": null,
              "code": "driver = await setupDriver();\nconsole.log(\"Driver setup is complete\");",
              "err": {},
              "uuid": "974620fc-e8b8-4a4e-b095-de169ac58a46",
              "parentUUID": "780cbfdd-388c-4b48-a336-ca38bff85326",
              "isHook": true,
              "skipped": false
            }
          ],
          "afterHooks": [
            {
              "title": "\"after all\" hook in \"Login and Sync RO on Paytunes\"",
              "fullTitle": "Login and Sync RO on Paytunes \"after all\" hook in \"Login and Sync RO on Paytunes\"",
              "timedOut": false,
              "duration": 180,
              "state": null,
              "speed": null,
              "pass": false,
              "fail": false,
              "pending": false,
              "context": null,
              "code": "await closeDriver();\nconsole.log(\"Driver closed\");",
              "err": {},
              "uuid": "108526e8-734b-44ba-921a-3d94a37a8888",
              "parentUUID": "780cbfdd-388c-4b48-a336-ca38bff85326",
              "isHook": true,
              "skipped": false
            }
          ],
          "tests": [
            {
              "title": "should access the website",
              "fullTitle": "Login and Sync RO on Paytunes should access the website",
              "timedOut": false,
              "duration": 21884,
              "state": "passed",
              "speed": "slow",
              "pass": true,
              "fail": false,
              "pending": false,
              "context": null,
              "code": "await accessWebsite(); console.log(\"Accessed website successfully\");",
              "err": {},
              "uuid": "a3a8511a-857a-4e3f-9acc-5a188c0955b8",
              "parentUUID": "780cbfdd-388c-4b48-a336-ca38bff85326",
              "isHook": false,
              "skipped": false
            },
            {
              "title": "should enter username",
              "fullTitle": "Login and Sync RO on Paytunes should enter username",
              "timedOut": false,
              "duration": 237,
              "state": "passed",
              "speed": "slow",
              "pass": true,
              "fail": false,
              "pending": false,
              "context": null,
              "code": "await enterUsername(); console.log(\"Username Entered successfully\");",
              "err": {},
              "uuid": "3cded545-7349-4d86-9e7e-6d13c2f545f6",
              "parentUUID": "780cbfdd-388c-4b48-a336-ca38bff85326",
              "isHook": false,
              "skipped": false
            },
            {
              "title": "should enter the password",
              "fullTitle": "Login and Sync RO on Paytunes should enter the password",
              "timedOut": false,
              "duration": 198,
              "state": "passed",
              "speed": "slow",
              "pass": true,
              "fail": false,
              "pending": false,
              "context": null,
              "code": "await enterPassword(); console.log(\"Password entered successfully\");",
              "err": {},
              "uuid": "845b02ae-de36-4e1c-b1dd-ac486ac41d8d",
              "parentUUID": "780cbfdd-388c-4b48-a336-ca38bff85326",
              "isHook": false,
              "skipped": false
            },
            {
              "title": "should click the login button",
              "fullTitle": "Login and Sync RO on Paytunes should click the login button",
              "timedOut": false,
              "duration": 716,
              "state": "passed",
              "speed": "slow",
              "pass": true,
              "fail": false,
              "pending": false,
              "context": null,
              "code": "await clickLogin(); console.log(\"Login button clicked successfully\");",
              "err": {},
              "uuid": "13e77456-bb1b-41ea-9556-b45d76da750a",
              "parentUUID": "780cbfdd-388c-4b48-a336-ca38bff85326",
              "isHook": false,
              "skipped": false
            },
            {
              "title": "should click the order ",
              "fullTitle": "Login and Sync RO on Paytunes should click the order ",
              "timedOut": false,
              "duration": 575,
              "state": "passed",
              "speed": "slow",
              "pass": true,
              "fail": false,
              "pending": false,
              "context": null,
              "code": "await clickOrder(); console.log(\"Order clicked successfully\")",
              "err": {},
              "uuid": "55ea676a-8d3e-4977-917a-9d219bf4982b",
              "parentUUID": "780cbfdd-388c-4b48-a336-ca38bff85326",
              "isHook": false,
              "skipped": false
            },
            {
              "title": "should click on see all ROs",
              "fullTitle": "Login and Sync RO on Paytunes should click on see all ROs",
              "timedOut": false,
              "duration": 2384,
              "state": "passed",
              "speed": "slow",
              "pass": true,
              "fail": false,
              "pending": false,
              "context": null,
              "code": "await seeAllROs(); console.log(\"Clicked on See All ROs successfully\")",
              "err": {},
              "uuid": "0f6f28da-86c2-4f26-8707-ff7236e326ab",
              "parentUUID": "780cbfdd-388c-4b48-a336-ca38bff85326",
              "isHook": false,
              "skipped": false
            },
            {
              "title": "should click on sync RO button",
              "fullTitle": "Login and Sync RO on Paytunes should click on sync RO button",
              "timedOut": false,
              "duration": 1986,
              "state": "passed",
              "speed": "slow",
              "pass": true,
              "fail": false,
              "pending": false,
              "context": null,
              "code": "await syncRO(); console.log(\"Clicked on Sync RO successfully\")",
              "err": {},
              "uuid": "a84efea2-9b44-41b4-8162-4e0834876be5",
              "parentUUID": "780cbfdd-388c-4b48-a336-ca38bff85326",
              "isHook": false,
              "skipped": false
            }
          ],
          "suites": [],
          "passes": [
            "a3a8511a-857a-4e3f-9acc-5a188c0955b8",
            "3cded545-7349-4d86-9e7e-6d13c2f545f6",
            "845b02ae-de36-4e1c-b1dd-ac486ac41d8d",
            "13e77456-bb1b-41ea-9556-b45d76da750a",
            "55ea676a-8d3e-4977-917a-9d219bf4982b",
            "0f6f28da-86c2-4f26-8707-ff7236e326ab",
            "a84efea2-9b44-41b4-8162-4e0834876be5"
          ],
          "failures": [],
          "pending": [],
          "skipped": [],
          "duration": 27980,
          "root": false,
          "rootEmpty": false,
          "_timeout": 50000
        }
      ],
      "passes": [],
      "failures": [],
      "pending": [],
      "skipped": [],
      "duration": 0,
      "root": true,
      "rootEmpty": true,
      "_timeout": 50000
    }
  ],
  "meta": {
    "mocha": {
      "version": "11.1.0"
    },
    "mochawesome": {
      "options": {
        "quiet": false,
        "reportFilename": "mochawesome",
        "saveHtml": true,
        "saveJson": true,
        "consoleReporter": "spec",
        "useInlineDiffs": false,
        "code": true
      },
      "version": "7.1.3"
    },
    "marge": {
      "options": null,
      "version": "6.2.0"
    }
  }
}