{
  "stats": {
    "suites": 0,
    "tests": 0,
    "passes": 0,
    "pending": 0,
    "failures": 0,
    "start": "2025-02-07T05:59:16.807Z",
    "end": "2025-02-07T05:59:16.808Z",
    "duration": 1,
    "testsRegistered": 0,
    "passPercent": null,
    "pendingPercent": null,
    "other": 0,
    "hasOther": false,
    "skipped": 0,
    "hasSkipped": false
  },
  "results": [
    {
      "uuid": "81a74161-636c-4e9b-afca-941ed1dfaf2d",
      "title": "",
      "fullFile": "D:\\paytunes_automation\\test\\loginAndSyncRO.js",
      "file": "\\test\\loginAndSyncRO.js",
      "beforeHooks": [],
      "afterHooks": [],
      "tests": [],
      "suites": [
        {
          "uuid": "f9cacd06-e522-4b7e-8131-2bf3c8cb7b24",
          "title": "Login and Sync RO on Paytunes",
          "fullFile": "D:\\paytunes_automation\\test\\loginAndSyncRO.js",
          "file": "\\test\\loginAndSyncRO.js",
          "beforeHooks": [
            {
              "title": "\"before all\" hook",
              "fullTitle": "Login and Sync RO on Paytunes \"before all\" hook",
              "timedOut": false,
              "duration": 0,
              "state": null,
              "speed": null,
              "pass": false,
              "fail": false,
              "pending": false,
              "context": null,
              "code": "driver = await setupDriver();\nconsole.log(\"Driver setup is complete\");",
              "err": {},
              "uuid": "e9b7ac3f-e101-4224-88b9-b0a39c3b162d",
              "parentUUID": null,
              "isHook": true,
              "skipped": false
            }
          ],
          "afterHooks": [
            {
              "title": "\"after all\" hook",
              "fullTitle": "Login and Sync RO on Paytunes \"after all\" hook",
              "timedOut": false,
              "duration": 0,
              "state": null,
              "speed": null,
              "pass": false,
              "fail": false,
              "pending": false,
              "context": null,
              "code": "await closeDriver();\nconsole.log(\"Driver closed\");",
              "err": {},
              "uuid": "fe588bea-5f24-43e5-80d2-1d0aa2e1677c",
              "parentUUID": null,
              "isHook": true,
              "skipped": false
            }
          ],
          "tests": [],
          "suites": [],
          "passes": [],
          "failures": [],
          "pending": [],
          "skipped": [],
          "duration": 0,
          "root": false,
          "rootEmpty": false,
          "_timeout": 50000
        }
      ],
      "passes": [],
      "failures": [],
      "pending": [],
      "skipped": [],
      "duration": 0,
      "root": true,
      "rootEmpty": true,
      "_timeout": 50000
    }
  ],
  "meta": {
    "mocha": {
      "version": "11.1.0"
    },
    "mochawesome": {
      "options": {
        "quiet": false,
        "reportFilename": "mochawesome",
        "saveHtml": true,
        "saveJson": true,
        "consoleReporter": "spec",
        "useInlineDiffs": false,
        "code": true
      },
      "version": "7.1.3"
    },
    "marge": {
      "options": null,
      "version": "6.2.0"
    }
  }
}